<?xml version="1.0" encoding="UTF-8"?>
<!-- Generated by org.testng.reporters.JUnitXMLReporter -->
<testsuite ignored="0" hostname="LAPTOP-TNJJT500" failures="0" tests="1" name="Banking application test" time="0.599" errors="0" timestamp="2021-09-13T01:30:13 IST">
  <testcase classname="com.inetBanking.testcases.BaseClass" name="@BeforeClass setup" time="0.551">
    <failure type="org.openqa.selenium.WebDriverException" message="unknown error: cannot find Chrome binary
Build info: version: &amp;apos;3.141.59&amp;apos;, revision: &amp;apos;e82be7d358&amp;apos;, time: &amp;apos;2018-11-14T08:17:03&amp;apos;
System info: host: &amp;apos;LAPTOP-TNJJT500&amp;apos;, ip: &amp;apos;192.168.43.144&amp;apos;, os.name: &amp;apos;Windows 10&amp;apos;, os.arch: &amp;apos;amd64&amp;apos;, os.version: &amp;apos;10.0&amp;apos;, java.version: &amp;apos;16.0.2&amp;apos;
Driver info: driver.version: ChromeDriver
remote stacktrace: Backtrace:
	Ordinal0 [0x00C39563+2725219]
	Ordinal0 [0x00B38551+1672529]
	Ordinal0 [0x00A20359+525145]
	Ordinal0 [0x009ACA64+51812]
	Ordinal0 [0x009CCC37+183351]
	Ordinal0 [0x009CCA3D+182845]
	Ordinal0 [0x009CA94B+174411]
	Ordinal0 [0x009B2528+75048]
	Ordinal0 [0x009B35A0+79264]
	Ordinal0 [0x009B3539+79161]
	Ordinal0 [0x00B4D607+1758727]
	GetHandleVerifier [0x00D56546+1050150]
	GetHandleVerifier [0x00D56291+1049457]
	GetHandleVerifier [0x00D610D7+1094071]
	GetHandleVerifier [0x00D56B46+1051686]
	Ordinal0 [0x00B45B06+1727238]
	Ordinal0 [0x00B4EB7B+1764219]
	Ordinal0 [0x00B4ECE3+1764579]
	Ordinal0 [0x00B64C05+1854469]
	BaseThreadInitThunk [0x7632FA29+25]
	RtlGetAppContainerNamedObjectPath [0x77237A7E+286]
	RtlGetAppContainerNamedObjectPath [0x77237A4E+238]
">
      <![CDATA[org.openqa.selenium.WebDriverException: unknown error: cannot find Chrome binary
Build info: version: '3.141.59', revision: 'e82be7d358', time: '2018-11-14T08:17:03'
System info: host: 'LAPTOP-TNJJT500', ip: '192.168.43.144', os.name: 'Windows 10', os.arch: 'amd64', os.version: '10.0', java.version: '16.0.2'
Driver info: driver.version: ChromeDriver
remote stacktrace: Backtrace:
Ordinal0 [0x00C39563+2725219]
Ordinal0 [0x00B38551+1672529]
Ordinal0 [0x00A20359+525145]
Ordinal0 [0x009ACA64+51812]
Ordinal0 [0x009CCC37+183351]
Ordinal0 [0x009CCA3D+182845]
Ordinal0 [0x009CA94B+174411]
Ordinal0 [0x009B2528+75048]
Ordinal0 [0x009B35A0+79264]
Ordinal0 [0x009B3539+79161]
Ordinal0 [0x00B4D607+1758727]
GetHandleVerifier [0x00D56546+1050150]
GetHandleVerifier [0x00D56291+1049457]
GetHandleVerifier [0x00D610D7+1094071]
GetHandleVerifier [0x00D56B46+1051686]
Ordinal0 [0x00B45B06+1727238]
Ordinal0 [0x00B4EB7B+1764219]
Ordinal0 [0x00B4ECE3+1764579]
Ordinal0 [0x00B64C05+1854469]
BaseThreadInitThunk [0x7632FA29+25]
RtlGetAppContainerNamedObjectPath [0x77237A7E+286]
RtlGetAppContainerNamedObjectPath [0x77237A4E+238]

at org.openqa.selenium.remote.W3CHandshakeResponse.lambda$errorHandler$0(W3CHandshakeResponse.java:62)
at org.openqa.selenium.remote.HandshakeResponse.lambda$getResponseFunction$0(HandshakeResponse.java:30)
at org.openqa.selenium.remote.ProtocolHandshake.lambda$createSession$0(ProtocolHandshake.java:126)
at java.base/java.util.stream.ReferencePipeline$3$1.accept(ReferencePipeline.java:197)
at java.base/java.util.Spliterators$ArraySpliterator.tryAdvance(Spliterators.java:958)
at java.base/java.util.stream.ReferencePipeline.forEachWithCancel(ReferencePipeline.java:129)
at java.base/java.util.stream.AbstractPipeline.copyIntoWithCancel(AbstractPipeline.java:502)
at java.base/java.util.stream.AbstractPipeline.copyInto(AbstractPipeline.java:488)
at java.base/java.util.stream.AbstractPipeline.wrapAndCopyInto(AbstractPipeline.java:474)
at java.base/java.util.stream.FindOps$FindOp.evaluateSequential(FindOps.java:150)
at java.base/java.util.stream.AbstractPipeline.evaluate(AbstractPipeline.java:234)
at java.base/java.util.stream.ReferencePipeline.findFirst(ReferencePipeline.java:647)
at org.openqa.selenium.remote.ProtocolHandshake.createSession(ProtocolHandshake.java:128)
at org.openqa.selenium.remote.ProtocolHandshake.createSession(ProtocolHandshake.java:74)
at org.openqa.selenium.remote.HttpCommandExecutor.execute(HttpCommandExecutor.java:136)
at org.openqa.selenium.remote.service.DriverCommandExecutor.execute(DriverCommandExecutor.java:83)
at org.openqa.selenium.remote.RemoteWebDriver.execute(RemoteWebDriver.java:552)
at org.openqa.selenium.remote.RemoteWebDriver.startSession(RemoteWebDriver.java:213)
at org.openqa.selenium.remote.RemoteWebDriver.<init>(RemoteWebDriver.java:131)
at org.openqa.selenium.chrome.ChromeDriver.<init>(ChromeDriver.java:181)
at org.openqa.selenium.chrome.ChromeDriver.<init>(ChromeDriver.java:168)
at org.openqa.selenium.chrome.ChromeDriver.<init>(ChromeDriver.java:123)
at com.inetBanking.testcases.BaseClass.setup(BaseClass.java:40)
at java.base/java.util.ArrayList.forEach(ArrayList.java:1511)
... Removed 30 stack frames]]>
    </failure>
  </testcase> <!-- @BeforeClass setup -->
  <testcase classname="com.inetBanking.testcases.BaseClass" name="@AfterClass tearDown" time="-1.631476813192E9">
    <skipped/>
  </testcase> <!-- @AfterClass tearDown -->
  <testcase classname="com.inetBanking.testcases.TC_LoginTest_001" name="loginTest" time="0.0">
    <skipped/>
  </testcase> <!-- loginTest -->
</testsuite> <!-- Banking application test -->
